C: STRT 1234
S: ANTE 100
S: STKS 500 500
C: ANOK
S: DEAL '1'
S: HAND 10H 8C 10S 3C 6S
S: PASS
C: BET_ 10
S: CALL
C: DRAW '3' 8C 3C 6S
S: DRWS 9C 6H 7H '2'
S: PASS
C: PASS 
S: SHOW 7S AD 2H 5S KC
S: STKS 610 390
C: ANOK
S: DEAL '0'
S: HAND 10S 8C 6S 7D 10H
S: RISE 20
C: CALL
C: DRAW '2' 6S 7D
S: DRWS 5D QS '3'
C: PASS 
S: PASS
S: SHOW 2C KS 8D 4D AC
S: STKS 740 260
C: ANOK
S: DEAL '1'
S: HAND 8S KD 5D JD AS
S: BET_ 93
C: CALL
C: DRAW '0'
S: DRWS '3'
S: PASS
C: QUIT
